<?xml version="1.0" encoding="UTF-8"?>
<!-- Generated by org.testng.reporters.JUnitXMLReporter -->
<testsuite ignored="0" hostname="PENNANT-VSP173" failures="0" tests="4" name="Default test" time="0.962" errors="0" timestamp="2023-06-30T15:33:30 IST">
  <testcase classname="main.test.controllers.StoreIndentControllerTest" name="testCreateStoreIndent" time="0.031"/>
  <testcase classname="main.test.controllers.StoreIndentControllerTest" name="testGetStoreIndentList" time="0.003"/>
  <testcase classname="main.test.controllers.StoreIndentControllerTest" name="testGetStoreIndentProductsList" time="0.002"/>
  <testcase classname="main.test.controllers.StoreIndentControllerTest" name="testGetStoreIndentProductsListData" time="0.001"/>
</testsuite> <!-- Default test -->
