<?xml version="1.0" encoding="UTF-8"?>
<testng-results ignored="0" total="4" passed="4" failed="0" skipped="0">
  <reporter-output>
  </reporter-output>
  <suite started-at="2023-06-30T15:33:29 IST" name="Default suite" finished-at="2023-06-30T15:33:29 IST" duration-ms="962">
    <groups>
    </groups>
    <test started-at="2023-06-30T15:33:29 IST" name="Default test" finished-at="2023-06-30T15:33:29 IST" duration-ms="962">
      <class name="main.test.controllers.StoreIndentControllerTest">
        <test-method is-config="true" signature="setUp()[pri:0, instance:main.test.controllers.StoreIndentControllerTest@6b00f608]" started-at="2023-06-30T15:33:29 IST" name="setUp" finished-at="2023-06-30T15:33:29 IST" duration-ms="883" status="PASS">
          <reporter-output>
          </reporter-output>
        </test-method> <!-- setUp -->
        <test-method signature="testCreateStoreIndent()[pri:0, instance:main.test.controllers.StoreIndentControllerTest@6b00f608]" started-at="2023-06-30T15:33:29 IST" name="testCreateStoreIndent" finished-at="2023-06-30T15:33:29 IST" duration-ms="31" status="PASS">
          <reporter-output>
          </reporter-output>
        </test-method> <!-- testCreateStoreIndent -->
        <test-method is-config="true" signature="setUp()[pri:0, instance:main.test.controllers.StoreIndentControllerTest@6b00f608]" started-at="2023-06-30T15:33:29 IST" name="setUp" finished-at="2023-06-30T15:33:29 IST" duration-ms="4" status="PASS">
          <reporter-output>
          </reporter-output>
        </test-method> <!-- setUp -->
        <test-method signature="testGetStoreIndentList()[pri:0, instance:main.test.controllers.StoreIndentControllerTest@6b00f608]" started-at="2023-06-30T15:33:29 IST" name="testGetStoreIndentList" finished-at="2023-06-30T15:33:29 IST" duration-ms="3" status="PASS">
          <reporter-output>
          </reporter-output>
        </test-method> <!-- testGetStoreIndentList -->
        <test-method is-config="true" signature="setUp()[pri:0, instance:main.test.controllers.StoreIndentControllerTest@6b00f608]" started-at="2023-06-30T15:33:29 IST" name="setUp" finished-at="2023-06-30T15:33:29 IST" duration-ms="1" status="PASS">
          <reporter-output>
          </reporter-output>
        </test-method> <!-- setUp -->
        <test-method signature="testGetStoreIndentProductsList()[pri:0, instance:main.test.controllers.StoreIndentControllerTest@6b00f608]" started-at="2023-06-30T15:33:29 IST" name="testGetStoreIndentProductsList" finished-at="2023-06-30T15:33:29 IST" duration-ms="2" status="PASS">
          <reporter-output>
          </reporter-output>
        </test-method> <!-- testGetStoreIndentProductsList -->
        <test-method is-config="true" signature="setUp()[pri:0, instance:main.test.controllers.StoreIndentControllerTest@6b00f608]" started-at="2023-06-30T15:33:29 IST" name="setUp" finished-at="2023-06-30T15:33:29 IST" duration-ms="1" status="PASS">
          <reporter-output>
          </reporter-output>
        </test-method> <!-- setUp -->
        <test-method signature="testGetStoreIndentProductsListData()[pri:0, instance:main.test.controllers.StoreIndentControllerTest@6b00f608]" started-at="2023-06-30T15:33:29 IST" name="testGetStoreIndentProductsListData" finished-at="2023-06-30T15:33:29 IST" duration-ms="1" status="PASS">
          <reporter-output>
          </reporter-output>
        </test-method> <!-- testGetStoreIndentProductsListData -->
      </class> <!-- main.test.controllers.StoreIndentControllerTest -->
    </test> <!-- Default test -->
  </suite> <!-- Default suite -->
</testng-results>
